<?xml version="1.0" encoding="UTF-8"?>
<testsuite xmlns:xsi="http://www.w3.org/2001/XMLSchema-instance" xsi:noNamespaceSchemaLocation="https://maven.apache.org/surefire/maven-surefire-plugin/xsd/surefire-test-report-3.0.xsd" version="3.0" name="ec.edu.espe.EDICOMPUCMS.controller.GestorAlquileresTest" time="0.147" tests="4" errors="0" skipped="0" failures="0">
  <properties>
[...]
</properties>
  <testcase name="probarMostrarAlquileres" classname="ec.edu.espe.EDICOMPUCMS.controller.GestorAlquileresTest" time="0.087">
    <system-out><![CDATA[¡Computadora rentada con éxito!
Alquiler{idAlquiler=1, cliente=Cliente{id='C001', nombre='Cliente de prueba', direccion='Dirección de prueba', telefono='555-TEST', correo='test@example.com'}, computadora=Computadora{id=1, estaActiva=true, horaInicio=2025-02-06T15:16:35.295239900Z, horaFin=null}}
¡Computadora rentada con éxito!
¡Computadora rentada con éxito!
Alquiler{idAlquiler=1, cliente=Cliente{id='C001', nombre='Cliente de prueba', direccion='Dirección de prueba', telefono='555-TEST', correo='test@example.com'}, computadora=Computadora{id=1, estaActiva=true, horaInicio=2025-02-06T15:16:35.295239900Z, horaFin=null}}
Alquiler{idAlquiler=2, cliente=Cliente{id='C001', nombre='Cliente de prueba', direccion='Dirección de prueba', telefono='555-TEST', correo='test@example.com'}, computadora=Computadora{id=2, estaActiva=true, horaInicio=2025-02-06T15:16:35.319656500Z, horaFin=null}}
Alquiler{idAlquiler=3, cliente=Cliente{id='C001', nombre='Cliente de prueba', direccion='Dirección de prueba', telefono='555-TEST', correo='test@example.com'}, computadora=Computadora{id=3, estaActiva=true, horaInicio=2025-02-06T15:16:35.319656500Z, horaFin=null}}
Alquiler finalizada. Pago total: $0.15
Alquiler{idAlquiler=1, cliente=Cliente{id='C001', nombre='Cliente de prueba', direccion='Dirección de prueba', telefono='555-TEST', correo='test@example.com'}, computadora=Computadora{id=1, estaActiva=true, horaInicio=2025-02-06T15:16:35.295239900Z, horaFin=null}}
Alquiler{idAlquiler=2, cliente=Cliente{id='C001', nombre='Cliente de prueba', direccion='Dirección de prueba', telefono='555-TEST', correo='test@example.com'}, computadora=Computadora{id=2, estaActiva=false, horaInicio=2025-02-06T15:16:35.319656500Z, horaFin=2025-02-06T15:16:35.319656500Z}}
Alquiler{idAlquiler=3, cliente=Cliente{id='C001', nombre='Cliente de prueba', direccion='Dirección de prueba', telefono='555-TEST', correo='test@example.com'}, computadora=Computadora{id=3, estaActiva=true, horaInicio=2025-02-06T15:16:35.319656500Z, horaFin=null}}
¡Computadora rentada con éxito!
Alquiler finalizada. Pago total: $0.15
Alquiler{idAlquiler=1, cliente=Cliente{id='C001', nombre='Cliente de prueba', direccion='Dirección de prueba', telefono='555-TEST', correo='test@example.com'}, computadora=Computadora{id=1, estaActiva=false, horaInicio=2025-02-06T15:16:35.295239900Z, horaFin=2025-02-06T15:16:35.319656500Z}}
Alquiler{idAlquiler=2, cliente=Cliente{id='C001', nombre='Cliente de prueba', direccion='Dirección de prueba', telefono='555-TEST', correo='test@example.com'}, computadora=Computadora{id=2, estaActiva=false, horaInicio=2025-02-06T15:16:35.319656500Z, horaFin=2025-02-06T15:16:35.319656500Z}}
Alquiler{idAlquiler=3, cliente=Cliente{id='C001', nombre='Cliente de prueba', direccion='Dirección de prueba', telefono='555-TEST', correo='test@example.com'}, computadora=Computadora{id=3, estaActiva=true, horaInicio=2025-02-06T15:16:35.319656500Z, horaFin=null}}
Alquiler{idAlquiler=4, cliente=Cliente{id='C001', nombre='Cliente de prueba', direccion='Dirección de prueba', telefono='555-TEST', correo='test@example.com'}, computadora=Computadora{id=4, estaActiva=true, horaInicio=2025-02-06T15:16:35.319656500Z, horaFin=null}}
Alquiler finalizada. Pago total: $0.15
Alquiler finalizada. Pago total: $0.15
Alquiler{idAlquiler=1, cliente=Cliente{id='C001', nombre='Cliente de prueba', direccion='Dirección de prueba', telefono='555-TEST', correo='test@example.com'}, computadora=Computadora{id=1, estaActiva=false, horaInicio=2025-02-06T15:16:35.295239900Z, horaFin=2025-02-06T15:16:35.319656500Z}}
Alquiler{idAlquiler=2, cliente=Cliente{id='C001', nombre='Cliente de prueba', direccion='Dirección de prueba', telefono='555-TEST', correo='test@example.com'}, computadora=Computadora{id=2, estaActiva=false, horaInicio=2025-02-06T15:16:35.319656500Z, horaFin=2025-02-06T15:16:35.319656500Z}}
Alquiler{idAlquiler=3, cliente=Cliente{id='C001', nombre='Cliente de prueba', direccion='Dirección de prueba', telefono='555-TEST', correo='test@example.com'}, computadora=Computadora{id=3, estaActiva=false, horaInicio=2025-02-06T15:16:35.319656500Z, horaFin=2025-02-06T15:16:35.319656500Z}}
Alquiler{idAlquiler=4, cliente=Cliente{id='C001', nombre='Cliente de prueba', direccion='Dirección de prueba', telefono='555-TEST', correo='test@example.com'}, computadora=Computadora{id=4, estaActiva=false, horaInicio=2025-02-06T15:16:35.319656500Z, horaFin=2025-02-06T15:16:35.319656500Z}}
¡Computadora rentada con éxito!
Alquiler finalizada. Pago total: $0.15
Alquiler{idAlquiler=1, cliente=Cliente{id='C001', nombre='Cliente de prueba', direccion='Dirección de prueba', telefono='555-TEST', correo='test@example.com'}, computadora=Computadora{id=1, estaActiva=false, horaInicio=2025-02-06T15:16:35.295239900Z, horaFin=2025-02-06T15:16:35.319656500Z}}
Alquiler{idAlquiler=2, cliente=Cliente{id='C001', nombre='Cliente de prueba', direccion='Dirección de prueba', telefono='555-TEST', correo='test@example.com'}, computadora=Computadora{id=2, estaActiva=false, horaInicio=2025-02-06T15:16:35.319656500Z, horaFin=2025-02-06T15:16:35.319656500Z}}
Alquiler{idAlquiler=3, cliente=Cliente{id='C001', nombre='Cliente de prueba', direccion='Dirección de prueba', telefono='555-TEST', correo='test@example.com'}, computadora=Computadora{id=3, estaActiva=false, horaInicio=2025-02-06T15:16:35.319656500Z, horaFin=2025-02-06T15:16:35.319656500Z}}
Alquiler{idAlquiler=4, cliente=Cliente{id='C001', nombre='Cliente de prueba', direccion='Dirección de prueba', telefono='555-TEST', correo='test@example.com'}, computadora=Computadora{id=4, estaActiva=false, horaInicio=2025-02-06T15:16:35.319656500Z, horaFin=2025-02-06T15:16:35.319656500Z}}
Alquiler{idAlquiler=5, cliente=Cliente{id='C001', nombre='Cliente de prueba', direccion='Dirección de prueba', telefono='555-TEST', correo='test@example.com'}, computadora=Computadora{id=5, estaActiva=false, horaInicio=2025-02-06T15:16:35.319656500Z, horaFin=2025-02-06T15:16:35.319656500Z}}
¡Computadora rentada con éxito!
¡Computadora rentada con éxito!
Alquiler finalizada. Pago total: $0.15
¡Computadora rentada con éxito!
¡Computadora rentada con éxito!
Alquiler finalizada. Pago total: $0.15
¡Computadora rentada con éxito!
¡Computadora rentada con éxito!
Alquiler finalizada. Pago total: $0.15
¡Computadora rentada con éxito!
¡Computadora rentada con éxito!
Alquiler finalizada. Pago total: $0.15
¡Computadora rentada con éxito!
¡Computadora rentada con éxito!
Alquiler finalizada. Pago total: $0.15
¡Computadora rentada con éxito!
Error: ID de cliente/computadora inválido o la computadora ya está activa.
Alquiler finalizada. Pago total: $0.15
¡Computadora rentada con éxito!
Error: ID de cliente/computadora inválido o la computadora ya está activa.
Alquiler finalizada. Pago total: $0.15
¡Computadora rentada con éxito!
Error: ID de cliente/computadora inválido o la computadora ya está activa.
Alquiler finalizada. Pago total: $0.15
¡Computadora rentada con éxito!
Error: ID de cliente/computadora inválido o la computadora ya está activa.
Alquiler finalizada. Pago total: $0.15
¡Computadora rentada con éxito!
Error: ID de cliente/computadora inválido o la computadora ya está activa.
Alquiler finalizada. Pago total: $0.15
¡Computadora rentada con éxito!
Error: ID de cliente/computadora inválido o la computadora ya está activa.
Error: ID de renta no encontrado.
Error: ID de cliente/computadora inválido o la computadora ya está activa.
Error: ID de cliente/computadora inválido o la computadora ya está activa.
Error: ID de renta no encontrado.
¡Computadora rentada con éxito!
Error: ID de cliente/computadora inválido o la computadora ya está activa.
Error: ID de renta no encontrado.
Error: ID de cliente/computadora inválido o la computadora ya está activa.
Error: ID de cliente/computadora inválido o la computadora ya está activa.
Error: ID de renta no encontrado.
¡Computadora rentada con éxito!
Error: ID de cliente/computadora inválido o la computadora ya está activa.
Error: ID de renta no encontrado.
Error: ID de cliente/computadora inválido o la computadora ya está activa.
Error: ID de cliente/computadora inválido o la computadora ya está activa.
Error: ID de renta no encontrado.
Error: ID de cliente/computadora inválido o la computadora ya está activa.
Error: ID de cliente/computadora inválido o la computadora ya está activa.
Error: ID de renta no encontrado.
Error: ID de cliente/computadora inválido o la computadora ya está activa.
Error: ID de cliente/computadora inválido o la computadora ya está activa.
Error: ID de renta no encontrado.
Error: ID de cliente/computadora inválido o la computadora ya está activa.
Error: ID de cliente/computadora inválido o la computadora ya está activa.
Error: ID de renta no encontrado.
Error: ID de cliente/computadora inválido o la computadora ya está activa.
Error: ID de cliente/computadora inválido o la computadora ya está activa.
Error: ID de renta no encontrado.
Error: ID de cliente/computadora inválido o la computadora ya está activa.
Error: ID de cliente/computadora inválido o la computadora ya está activa.
Error: ID de renta no encontrado.
Error: ID de cliente/computadora inválido o la computadora ya está activa.
Error: ID de cliente/computadora inválido o la computadora ya está activa.
Error: ID de renta no encontrado.
Error: ID de cliente/computadora inválido o la computadora ya está activa.
Error: ID de cliente/computadora inválido o la computadora ya está activa.
Error: ID de renta no encontrado.
Error: ID de cliente/computadora inválido o la computadora ya está activa.
Error: ID de cliente/computadora inválido o la computadora ya está activa.
Error: ID de renta no encontrado.
Error: ID de cliente/computadora inválido o la computadora ya está activa.
Error: ID de cliente/computadora inválido o la computadora ya está activa.
Error: ID de renta no encontrado.
Error: ID de cliente/computadora inválido o la computadora ya está activa.
Error: ID de cliente/computadora inválido o la computadora ya está activa.
Error: ID de renta no encontrado.
Error: ID de cliente/computadora inválido o la computadora ya está activa.
Error: ID de cliente/computadora inválido o la computadora ya está activa.
Error: ID de renta no encontrado.
Error: ID de cliente/computadora inválido o la computadora ya está activa.
Error: ID de cliente/computadora inválido o la computadora ya está activa.
Error: ID de renta no encontrado.
Error: ID de cliente/computadora inválido o la computadora ya está activa.
Error: ID de cliente/computadora inválido o la computadora ya está activa.
Error: ID de renta no encontrado.
Error: ID de cliente/computadora inválido o la computadora ya está activa.
Error: ID de cliente/computadora inválido o la computadora ya está activa.
Error: ID de renta no encontrado.
Error: ID de cliente/computadora inválido o la computadora ya está activa.
Error: ID de cliente/computadora inválido o la computadora ya está activa.
Error: ID de renta no encontrado.
Error: ID de cliente/computadora inválido o la computadora ya está activa.
Error: ID de cliente/computadora inválido o la computadora ya está activa.
Error: ID de renta no encontrado.
Error: ID de cliente/computadora inválido o la computadora ya está activa.
Error: ID de cliente/computadora inválido o la computadora ya está activa.
Error: ID de renta no encontrado.
Error: ID de cliente/computadora inválido o la computadora ya está activa.
Error: ID de cliente/computadora inválido o la computadora ya está activa.
Error: ID de renta no encontrado.
Error: ID de cliente/computadora inválido o la computadora ya está activa.
Error: ID de cliente/computadora inválido o la computadora ya está activa.
Error: ID de renta no encontrado.
Error: ID de cliente/computadora inválido o la computadora ya está activa.
Error: ID de cliente/computadora inválido o la computadora ya está activa.
Error: ID de renta no encontrado.
Error: ID de cliente/computadora inválido o la computadora ya está activa.
Error: ID de cliente/computadora inválido o la computadora ya está activa.
Error: ID de renta no encontrado.
Error: ID de cliente/computadora inválido o la computadora ya está activa.
Error: ID de cliente/computadora inválido o la computadora ya está activa.
Error: ID de renta no encontrado.
Error: ID de cliente/computadora inválido o la computadora ya está activa.
Error: ID de cliente/computadora inválido o la computadora ya está activa.
Error: ID de renta no encontrado.
Error: ID de cliente/computadora inválido o la computadora ya está activa.
Error: ID de cliente/computadora inválido o la computadora ya está activa.
Error: ID de renta no encontrado.
Error: ID de cliente/computadora inválido o la computadora ya está activa.
Error: ID de cliente/computadora inválido o la computadora ya está activa.
Error: ID de renta no encontrado.
Error: ID de cliente/computadora inválido o la computadora ya está activa.
Error: ID de cliente/computadora inválido o la computadora ya está activa.
Error: ID de renta no encontrado.
Error: ID de cliente/computadora inválido o la computadora ya está activa.
Error: ID de cliente/computadora inválido o la computadora ya está activa.
Error: ID de renta no encontrado.
Error: ID de cliente/computadora inválido o la computadora ya está activa.
Error: ID de cliente/computadora inválido o la computadora ya está activa.
Error: ID de renta no encontrado.
Error: ID de cliente/computadora inválido o la computadora ya está activa.
Error: ID de cliente/computadora inválido o la computadora ya está activa.
Error: ID de renta no encontrado.
Error: ID de cliente/computadora inválido o la computadora ya está activa.
Error: ID de cliente/computadora inválido o la computadora ya está activa.
Error: ID de renta no encontrado.
Error: ID de cliente/computadora inválido o la computadora ya está activa.
Error: ID de cliente/computadora inválido o la computadora ya está activa.
Error: ID de renta no encontrado.
Error: ID de cliente/computadora inválido o la computadora ya está activa.
Error: ID de cliente/computadora inválido o la computadora ya está activa.
Error: ID de renta no encontrado.
Error: ID de cliente/computadora inválido o la computadora ya está activa.
Error: ID de cliente/computadora inválido o la computadora ya está activa.
Error: ID de renta no encontrado.
Error: ID de cliente/computadora inválido o la computadora ya está activa.
Error: ID de cliente/computadora inválido o la computadora ya está activa.
Error: ID de renta no encontrado.
Alquiler{idAlquiler=1, cliente=Cliente{id='C001', nombre='Cliente de prueba', direccion='Dirección de prueba', telefono='555-TEST', correo='test@example.com'}, computadora=Computadora{id=1, estaActiva=true, horaInicio=2025-02-06T15:16:35.319656500Z, horaFin=null}}
Alquiler{idAlquiler=2, cliente=Cliente{id='C001', nombre='Cliente de prueba', direccion='Dirección de prueba', telefono='555-TEST', correo='test@example.com'}, computadora=Computadora{id=2, estaActiva=true, horaInicio=2025-02-06T15:16:35.326705100Z, horaFin=null}}
Alquiler{idAlquiler=3, cliente=Cliente{id='C001', nombre='Cliente de prueba', direccion='Dirección de prueba', telefono='555-TEST', correo='test@example.com'}, computadora=Computadora{id=3, estaActiva=true, horaInicio=2025-02-06T15:16:35.319656500Z, horaFin=null}}
Alquiler{idAlquiler=4, cliente=Cliente{id='C001', nombre='Cliente de prueba', direccion='Dirección de prueba', telefono='555-TEST', correo='test@example.com'}, computadora=Computadora{id=4, estaActiva=true, horaInicio=2025-02-06T15:16:35.319656500Z, horaFin=null}}
Alquiler{idAlquiler=5, cliente=Cliente{id='C001', nombre='Cliente de prueba', direccion='Dirección de prueba', telefono='555-TEST', correo='test@example.com'}, computadora=Computadora{id=5, estaActiva=true, horaInicio=2025-02-06T15:16:35.319656500Z, horaFin=null}}
Alquiler{idAlquiler=6, cliente=Cliente{id='C001', nombre='Cliente de prueba', direccion='Dirección de prueba', telefono='555-TEST', correo='test@example.com'}, computadora=Computadora{id=2, estaActiva=true, horaInicio=2025-02-06T15:16:35.326705100Z, horaFin=null}}
Alquiler{idAlquiler=7, cliente=Cliente{id='C001', nombre='Cliente de prueba', direccion='Dirección de prueba', telefono='555-TEST', correo='test@example.com'}, computadora=Computadora{id=3, estaActiva=true, horaInicio=2025-02-06T15:16:35.319656500Z, horaFin=null}}
Alquiler{idAlquiler=8, cliente=Cliente{id='C001', nombre='Cliente de prueba', direccion='Dirección de prueba', telefono='555-TEST', correo='test@example.com'}, computadora=Computadora{id=4, estaActiva=true, horaInicio=2025-02-06T15:16:35.319656500Z, horaFin=null}}
Alquiler{idAlquiler=9, cliente=Cliente{id='C001', nombre='Cliente de prueba', direccion='Dirección de prueba', telefono='555-TEST', correo='test@example.com'}, computadora=Computadora{id=5, estaActiva=true, horaInicio=2025-02-06T15:16:35.319656500Z, horaFin=null}}
Alquiler{idAlquiler=10, cliente=Cliente{id='C001', nombre='Cliente de prueba', direccion='Dirección de prueba', telefono='555-TEST', correo='test@example.com'}, computadora=Computadora{id=6, estaActiva=true, horaInicio=2025-02-06T15:16:35.326705100Z, horaFin=null}}
Alquiler{idAlquiler=11, cliente=Cliente{id='C001', nombre='Cliente de prueba', direccion='Dirección de prueba', telefono='555-TEST', correo='test@example.com'}, computadora=Computadora{id=7, estaActiva=true, horaInicio=2025-02-06T15:16:35.319656500Z, horaFin=null}}
Alquiler{idAlquiler=12, cliente=Cliente{id='C001', nombre='Cliente de prueba', direccion='Dirección de prueba', telefono='555-TEST', correo='test@example.com'}, computadora=Computadora{id=8, estaActiva=true, horaInicio=2025-02-06T15:16:35.319656500Z, horaFin=null}}
Alquiler{idAlquiler=13, cliente=Cliente{id='C001', nombre='Cliente de prueba', direccion='Dirección de prueba', telefono='555-TEST', correo='test@example.com'}, computadora=Computadora{id=9, estaActiva=true, horaInicio=2025-02-06T15:16:35.319656500Z, horaFin=null}}
Alquiler{idAlquiler=14, cliente=Cliente{id='C001', nombre='Cliente de prueba', direccion='Dirección de prueba', telefono='555-TEST', correo='test@example.com'}, computadora=Computadora{id=10, estaActiva=true, horaInicio=2025-02-06T15:16:35.326705100Z, horaFin=null}}
Alquiler{idAlquiler=15, cliente=Cliente{id='C001', nombre='Cliente de prueba', direccion='Dirección de prueba', telefono='555-TEST', correo='test@example.com'}, computadora=Computadora{id=1, estaActiva=true, horaInicio=2025-02-06T15:16:35.319656500Z, horaFin=null}}
Alquiler{idAlquiler=16, cliente=Cliente{id='C001', nombre='Cliente de prueba', direccion='Dirección de prueba', telefono='555-TEST', correo='test@example.com'}, computadora=Computadora{id=2, estaActiva=true, horaInicio=2025-02-06T15:16:35.326705100Z, horaFin=null}}
Alquiler{idAlquiler=17, cliente=Cliente{id='C001', nombre='Cliente de prueba', direccion='Dirección de prueba', telefono='555-TEST', correo='test@example.com'}, computadora=Computadora{id=4, estaActiva=true, horaInicio=2025-02-06T15:16:35.319656500Z, horaFin=null}}
Alquiler{idAlquiler=18, cliente=Cliente{id='C001', nombre='Cliente de prueba', direccion='Dirección de prueba', telefono='555-TEST', correo='test@example.com'}, computadora=Computadora{id=6, estaActiva=true, horaInicio=2025-02-06T15:16:35.326705100Z, horaFin=null}}
Alquiler{idAlquiler=19, cliente=Cliente{id='C001', nombre='Cliente de prueba', direccion='Dirección de prueba', telefono='555-TEST', correo='test@example.com'}, computadora=Computadora{id=8, estaActiva=true, horaInicio=2025-02-06T15:16:35.319656500Z, horaFin=null}}
Alquiler{idAlquiler=20, cliente=Cliente{id='C001', nombre='Cliente de prueba', direccion='Dirección de prueba', telefono='555-TEST', correo='test@example.com'}, computadora=Computadora{id=10, estaActiva=true, horaInicio=2025-02-06T15:16:35.326705100Z, horaFin=null}}
Alquiler{idAlquiler=21, cliente=Cliente{id='C001', nombre='Cliente de prueba', direccion='Dirección de prueba', telefono='555-TEST', correo='test@example.com'}, computadora=Computadora{id=2, estaActiva=true, horaInicio=2025-02-06T15:16:35.326705100Z, horaFin=null}}
Alquiler{idAlquiler=22, cliente=Cliente{id='C001', nombre='Cliente de prueba', direccion='Dirección de prueba', telefono='555-TEST', correo='test@example.com'}, computadora=Computadora{id=6, estaActiva=true, horaInicio=2025-02-06T15:16:35.326705100Z, horaFin=null}}
Alquiler{idAlquiler=23, cliente=Cliente{id='C001', nombre='Cliente de prueba', direccion='Dirección de prueba', telefono='555-TEST', correo='test@example.com'}, computadora=Computadora{id=10, estaActiva=true, horaInicio=2025-02-06T15:16:35.326705100Z, horaFin=null}}
Alquiler{idAlquiler=1, cliente=Cliente{id='C001', nombre='Cliente de prueba', direccion='Dirección de prueba', telefono='555-TEST', correo='test@example.com'}, computadora=Computadora{id=1, estaActiva=true, horaInicio=2025-02-06T15:16:35.319656500Z, horaFin=null}}
Alquiler{idAlquiler=2, cliente=Cliente{id='C001', nombre='Cliente de prueba', direccion='Dirección de prueba', telefono='555-TEST', correo='test@example.com'}, computadora=Computadora{id=2, estaActiva=true, horaInicio=2025-02-06T15:16:35.326705100Z, horaFin=null}}
Alquiler{idAlquiler=3, cliente=Cliente{id='C001', nombre='Cliente de prueba', direccion='Dirección de prueba', telefono='555-TEST', correo='test@example.com'}, computadora=Computadora{id=3, estaActiva=true, horaInicio=2025-02-06T15:16:35.319656500Z, horaFin=null}}
Alquiler{idAlquiler=4, cliente=Cliente{id='C001', nombre='Cliente de prueba', direccion='Dirección de prueba', telefono='555-TEST', correo='test@example.com'}, computadora=Computadora{id=4, estaActiva=true, horaInicio=2025-02-06T15:16:35.319656500Z, horaFin=null}}
Alquiler{idAlquiler=5, cliente=Cliente{id='C001', nombre='Cliente de prueba', direccion='Dirección de prueba', telefono='555-TEST', correo='test@example.com'}, computadora=Computadora{id=5, estaActiva=true, horaInicio=2025-02-06T15:16:35.319656500Z, horaFin=null}}
Alquiler{idAlquiler=6, cliente=Cliente{id='C001', nombre='Cliente de prueba', direccion='Dirección de prueba', telefono='555-TEST', correo='test@example.com'}, computadora=Computadora{id=2, estaActiva=true, horaInicio=2025-02-06T15:16:35.326705100Z, horaFin=null}}
Alquiler{idAlquiler=7, cliente=Cliente{id='C001', nombre='Cliente de prueba', direccion='Dirección de prueba', telefono='555-TEST', correo='test@example.com'}, computadora=Computadora{id=3, estaActiva=true, horaInicio=2025-02-06T15:16:35.319656500Z, horaFin=null}}
Alquiler{idAlquiler=8, cliente=Cliente{id='C001', nombre='Cliente de prueba', direccion='Dirección de prueba', telefono='555-TEST', correo='test@example.com'}, computadora=Computadora{id=4, estaActiva=true, horaInicio=2025-02-06T15:16:35.319656500Z, horaFin=null}}
Alquiler{idAlquiler=9, cliente=Cliente{id='C001', nombre='Cliente de prueba', direccion='Dirección de prueba', telefono='555-TEST', correo='test@example.com'}, computadora=Computadora{id=5, estaActiva=true, horaInicio=2025-02-06T15:16:35.319656500Z, horaFin=null}}
Alquiler{idAlquiler=10, cliente=Cliente{id='C001', nombre='Cliente de prueba', direccion='Dirección de prueba', telefono='555-TEST', correo='test@example.com'}, computadora=Computadora{id=6, estaActiva=true, horaInicio=2025-02-06T15:16:35.326705100Z, horaFin=null}}
Alquiler{idAlquiler=11, cliente=Cliente{id='C001', nombre='Cliente de prueba', direccion='Dirección de prueba', telefono='555-TEST', correo='test@example.com'}, computadora=Computadora{id=7, estaActiva=true, horaInicio=2025-02-06T15:16:35.319656500Z, horaFin=null}}
Alquiler{idAlquiler=12, cliente=Cliente{id='C001', nombre='Cliente de prueba', direccion='Dirección de prueba', telefono='555-TEST', correo='test@example.com'}, computadora=Computadora{id=8, estaActiva=true, horaInicio=2025-02-06T15:16:35.319656500Z, horaFin=null}}
Alquiler{idAlquiler=13, cliente=Cliente{id='C001', nombre='Cliente de prueba', direccion='Dirección de prueba', telefono='555-TEST', correo='test@example.com'}, computadora=Computadora{id=9, estaActiva=true, horaInicio=2025-02-06T15:16:35.319656500Z, horaFin=null}}
Alquiler{idAlquiler=14, cliente=Cliente{id='C001', nombre='Cliente de prueba', direccion='Dirección de prueba', telefono='555-TEST', correo='test@example.com'}, computadora=Computadora{id=10, estaActiva=true, horaInicio=2025-02-06T15:16:35.326705100Z, horaFin=null}}
Alquiler{idAlquiler=15, cliente=Cliente{id='C001', nombre='Cliente de prueba', direccion='Dirección de prueba', telefono='555-TEST', correo='test@example.com'}, computadora=Computadora{id=1, estaActiva=true, horaInicio=2025-02-06T15:16:35.319656500Z, horaFin=null}}
Alquiler{idAlquiler=16, cliente=Cliente{id='C001', nombre='Cliente de prueba', direccion='Dirección de prueba', telefono='555-TEST', correo='test@example.com'}, computadora=Computadora{id=2, estaActiva=true, horaInicio=2025-02-06T15:16:35.326705100Z, horaFin=null}}
Alquiler{idAlquiler=17, cliente=Cliente{id='C001', nombre='Cliente de prueba', direccion='Dirección de prueba', telefono='555-TEST', correo='test@example.com'}, computadora=Computadora{id=4, estaActiva=true, horaInicio=2025-02-06T15:16:35.319656500Z, horaFin=null}}
Alquiler{idAlquiler=18, cliente=Cliente{id='C001', nombre='Cliente de prueba', direccion='Dirección de prueba', telefono='555-TEST', correo='test@example.com'}, computadora=Computadora{id=6, estaActiva=true, horaInicio=2025-02-06T15:16:35.326705100Z, horaFin=null}}
Alquiler{idAlquiler=19, cliente=Cliente{id='C001', nombre='Cliente de prueba', direccion='Dirección de prueba', telefono='555-TEST', correo='test@example.com'}, computadora=Computadora{id=8, estaActiva=true, horaInicio=2025-02-06T15:16:35.319656500Z, horaFin=null}}
Alquiler{idAlquiler=20, cliente=Cliente{id='C001', nombre='Cliente de prueba', direccion='Dirección de prueba', telefono='555-TEST', correo='test@example.com'}, computadora=Computadora{id=10, estaActiva=true, horaInicio=2025-02-06T15:16:35.326705100Z, horaFin=null}}
Alquiler{idAlquiler=21, cliente=Cliente{id='C001', nombre='Cliente de prueba', direccion='Dirección de prueba', telefono='555-TEST', correo='test@example.com'}, computadora=Computadora{id=2, estaActiva=true, horaInicio=2025-02-06T15:16:35.326705100Z, horaFin=null}}
Alquiler{idAlquiler=22, cliente=Cliente{id='C001', nombre='Cliente de prueba', direccion='Dirección de prueba', telefono='555-TEST', correo='test@example.com'}, computadora=Computadora{id=6, estaActiva=true, horaInicio=2025-02-06T15:16:35.326705100Z, horaFin=null}}
Alquiler{idAlquiler=23, cliente=Cliente{id='C001', nombre='Cliente de prueba', direccion='Dirección de prueba', telefono='555-TEST', correo='test@example.com'}, computadora=Computadora{id=10, estaActiva=true, horaInicio=2025-02-06T15:16:35.326705100Z, horaFin=null}}
Error: ID de cliente/computadora inválido o la computadora ya está activa.
Alquiler{idAlquiler=1, cliente=Cliente{id='C001', nombre='Cliente de prueba', direccion='Dirección de prueba', telefono='555-TEST', correo='test@example.com'}, computadora=Computadora{id=1, estaActiva=true, horaInicio=2025-02-06T15:16:35.319656500Z, horaFin=null}}
Alquiler{idAlquiler=2, cliente=Cliente{id='C001', nombre='Cliente de prueba', direccion='Dirección de prueba', telefono='555-TEST', correo='test@example.com'}, computadora=Computadora{id=2, estaActiva=true, horaInicio=2025-02-06T15:16:35.326705100Z, horaFin=null}}
Alquiler{idAlquiler=3, cliente=Cliente{id='C001', nombre='Cliente de prueba', direccion='Dirección de prueba', telefono='555-TEST', correo='test@example.com'}, computadora=Computadora{id=3, estaActiva=true, horaInicio=2025-02-06T15:16:35.319656500Z, horaFin=null}}
Alquiler{idAlquiler=4, cliente=Cliente{id='C001', nombre='Cliente de prueba', direccion='Dirección de prueba', telefono='555-TEST', correo='test@example.com'}, computadora=Computadora{id=4, estaActiva=true, horaInicio=2025-02-06T15:16:35.319656500Z, horaFin=null}}
Alquiler{idAlquiler=5, cliente=Cliente{id='C001', nombre='Cliente de prueba', direccion='Dirección de prueba', telefono='555-TEST', correo='test@example.com'}, computadora=Computadora{id=5, estaActiva=true, horaInicio=2025-02-06T15:16:35.319656500Z, horaFin=null}}
Alquiler{idAlquiler=6, cliente=Cliente{id='C001', nombre='Cliente de prueba', direccion='Dirección de prueba', telefono='555-TEST', correo='test@example.com'}, computadora=Computadora{id=2, estaActiva=true, horaInicio=2025-02-06T15:16:35.326705100Z, horaFin=null}}
Alquiler{idAlquiler=7, cliente=Cliente{id='C001', nombre='Cliente de prueba', direccion='Dirección de prueba', telefono='555-TEST', correo='test@example.com'}, computadora=Computadora{id=3, estaActiva=true, horaInicio=2025-02-06T15:16:35.319656500Z, horaFin=null}}
Alquiler{idAlquiler=8, cliente=Cliente{id='C001', nombre='Cliente de prueba', direccion='Dirección de prueba', telefono='555-TEST', correo='test@example.com'}, computadora=Computadora{id=4, estaActiva=true, horaInicio=2025-02-06T15:16:35.319656500Z, horaFin=null}}
Alquiler{idAlquiler=9, cliente=Cliente{id='C001', nombre='Cliente de prueba', direccion='Dirección de prueba', telefono='555-TEST', correo='test@example.com'}, computadora=Computadora{id=5, estaActiva=true, horaInicio=2025-02-06T15:16:35.319656500Z, horaFin=null}}
Alquiler{idAlquiler=10, cliente=Cliente{id='C001', nombre='Cliente de prueba', direccion='Dirección de prueba', telefono='555-TEST', correo='test@example.com'}, computadora=Computadora{id=6, estaActiva=true, horaInicio=2025-02-06T15:16:35.326705100Z, horaFin=null}}
Alquiler{idAlquiler=11, cliente=Cliente{id='C001', nombre='Cliente de prueba', direccion='Dirección de prueba', telefono='555-TEST', correo='test@example.com'}, computadora=Computadora{id=7, estaActiva=true, horaInicio=2025-02-06T15:16:35.319656500Z, horaFin=null}}
Alquiler{idAlquiler=12, cliente=Cliente{id='C001', nombre='Cliente de prueba', direccion='Dirección de prueba', telefono='555-TEST', correo='test@example.com'}, computadora=Computadora{id=8, estaActiva=true, horaInicio=2025-02-06T15:16:35.319656500Z, horaFin=null}}
Alquiler{idAlquiler=13, cliente=Cliente{id='C001', nombre='Cliente de prueba', direccion='Dirección de prueba', telefono='555-TEST', correo='test@example.com'}, computadora=Computadora{id=9, estaActiva=true, horaInicio=2025-02-06T15:16:35.319656500Z, horaFin=null}}
Alquiler{idAlquiler=14, cliente=Cliente{id='C001', nombre='Cliente de prueba', direccion='Dirección de prueba', telefono='555-TEST', correo='test@example.com'}, computadora=Computadora{id=10, estaActiva=true, horaInicio=2025-02-06T15:16:35.326705100Z, horaFin=null}}
Alquiler{idAlquiler=15, cliente=Cliente{id='C001', nombre='Cliente de prueba', direccion='Dirección de prueba', telefono='555-TEST', correo='test@example.com'}, computadora=Computadora{id=1, estaActiva=true, horaInicio=2025-02-06T15:16:35.319656500Z, horaFin=null}}
Alquiler{idAlquiler=16, cliente=Cliente{id='C001', nombre='Cliente de prueba', direccion='Dirección de prueba', telefono='555-TEST', correo='test@example.com'}, computadora=Computadora{id=2, estaActiva=true, horaInicio=2025-02-06T15:16:35.326705100Z, horaFin=null}}
Alquiler{idAlquiler=17, cliente=Cliente{id='C001', nombre='Cliente de prueba', direccion='Dirección de prueba', telefono='555-TEST', correo='test@example.com'}, computadora=Computadora{id=4, estaActiva=true, horaInicio=2025-02-06T15:16:35.319656500Z, horaFin=null}}
Alquiler{idAlquiler=18, cliente=Cliente{id='C001', nombre='Cliente de prueba', direccion='Dirección de prueba', telefono='555-TEST', correo='test@example.com'}, computadora=Computadora{id=6, estaActiva=true, horaInicio=2025-02-06T15:16:35.326705100Z, horaFin=null}}
Alquiler{idAlquiler=19, cliente=Cliente{id='C001', nombre='Cliente de prueba', direccion='Dirección de prueba', telefono='555-TEST', correo='test@example.com'}, computadora=Computadora{id=8, estaActiva=true, horaInicio=2025-02-06T15:16:35.319656500Z, horaFin=null}}
Alquiler{idAlquiler=20, cliente=Cliente{id='C001', nombre='Cliente de prueba', direccion='Dirección de prueba', telefono='555-TEST', correo='test@example.com'}, computadora=Computadora{id=10, estaActiva=true, horaInicio=2025-02-06T15:16:35.326705100Z, horaFin=null}}
Alquiler{idAlquiler=21, cliente=Cliente{id='C001', nombre='Cliente de prueba', direccion='Dirección de prueba', telefono='555-TEST', correo='test@example.com'}, computadora=Computadora{id=2, estaActiva=true, horaInicio=2025-02-06T15:16:35.326705100Z, horaFin=null}}
Alquiler{idAlquiler=22, cliente=Cliente{id='C001', nombre='Cliente de prueba', direccion='Dirección de prueba', telefono='555-TEST', correo='test@example.com'}, computadora=Computadora{id=6, estaActiva=true, horaInicio=2025-02-06T15:16:35.326705100Z, horaFin=null}}
Alquiler{idAlquiler=23, cliente=Cliente{id='C001', nombre='Cliente de prueba', direccion='Dirección de prueba', telefono='555-TEST', correo='test@example.com'}, computadora=Computadora{id=10, estaActiva=true, horaInicio=2025-02-06T15:16:35.326705100Z, horaFin=null}}
]]></system-out>
  </testcase>
  <testcase name="probarIniciarAlquiler" classname="ec.edu.espe.EDICOMPUCMS.controller.GestorAlquileresTest" time="0.004">
    <system-out><![CDATA[¡Computadora rentada con éxito!
Error: ID de cliente/computadora inválido o la computadora ya está activa.
Error: ID de cliente/computadora inválido o la computadora ya está activa.
Error: ID de cliente/computadora inválido o la computadora ya está activa.
Error: ID de cliente/computadora inválido o la computadora ya está activa.
Error: ID de cliente/computadora inválido o la computadora ya está activa.
Error: ID de cliente/computadora inválido o la computadora ya está activa.
¡Computadora rentada con éxito!
¡Computadora rentada con éxito!
¡Computadora rentada con éxito!
¡Computadora rentada con éxito!
¡Computadora rentada con éxito!
¡Computadora rentada con éxito!
¡Computadora rentada con éxito!
¡Computadora rentada con éxito!
¡Computadora rentada con éxito!
Error: ID de cliente/computadora inválido o la computadora ya está activa.
Error: ID de cliente/computadora inválido o la computadora ya está activa.
]]></system-out>
  </testcase>
  <testcase name="probarTerminarAlquiler" classname="ec.edu.espe.EDICOMPUCMS.controller.GestorAlquileresTest" time="0.003">
    <system-out><![CDATA[¡Computadora rentada con éxito!
¡Computadora rentada con éxito!
Alquiler finalizada. Pago total: $0.15
Alquiler finalizada. Pago total: $0.15
Error: ID de renta no encontrado.
¡Computadora rentada con éxito!
¡Computadora rentada con éxito!
Alquiler finalizada. Pago total: $0.15
Alquiler finalizada. Pago total: $0.15
Alquiler finalizada. Pago total: $0.15
Error: ID de renta no encontrado.
Error: ID de renta no encontrado.
¡Computadora rentada con éxito!
Alquiler finalizada. Pago total: $0.15
¡Computadora rentada con éxito!
Alquiler finalizada. Pago total: $0.15
¡Computadora rentada con éxito!
Alquiler finalizada. Pago total: $0.15
¡Computadora rentada con éxito!
Alquiler finalizada. Pago total: $0.15
¡Computadora rentada con éxito!
Alquiler finalizada. Pago total: $0.15
¡Computadora rentada con éxito!
Alquiler finalizada. Pago total: $0.15
Alquiler finalizada. Pago total: $0.15
Alquiler finalizada. Pago total: $0.15
Alquiler finalizada. Pago total: $0.15
Alquiler finalizada. Pago total: $0.15
Alquiler finalizada. Pago total: $0.15
Alquiler finalizada. Pago total: $0.15
Alquiler finalizada. Pago total: $0.15
Alquiler finalizada. Pago total: $0.15
Alquiler finalizada. Pago total: $0.15
Alquiler finalizada. Pago total: $0.15
Error: ID de renta no encontrado.
Error: ID de renta no encontrado.
Error: ID de renta no encontrado.
Error: ID de renta no encontrado.
Error: ID de renta no encontrado.
Error: ID de renta no encontrado.
Error: ID de renta no encontrado.
Error: ID de renta no encontrado.
Error: ID de renta no encontrado.
Error: ID de renta no encontrado.
Error: ID de renta no encontrado.
]]></system-out>
  </testcase>
  <testcase name="probarAgregarCliente" classname="ec.edu.espe.EDICOMPUCMS.controller.GestorAlquileresTest" time="0.017"/>
</testsuite>