<?xml version="1.0" encoding="UTF-8"?>
<testsuite xmlns:xsi="http://www.w3.org/2001/XMLSchema-instance" xsi:noNamespaceSchemaLocation="https://maven.apache.org/surefire/maven-surefire-plugin/xsd/surefire-test-report-3.0.xsd" version="3.0" name="ec.edu.espe.EDICOMPUCMS.controller.GestorCyberTest" time="0.078" tests="20" errors="0" skipped="0" failures="0">
  <properties>
[...]
</properties>
  <testcase name="probarEsComputadoraActiva_despuesDeDetener" classname="ec.edu.espe.EDICOMPUCMS.controller.GestorCyberTest" time="0.01">
    <system-out><![CDATA[Inicio de pruebas de GestorCyber
estaComputadoraActiva - despuesDeDetener
]]></system-out>
  </testcase>
  <testcase name="probarIniciarComputadora_computadorasAlternadas" classname="ec.edu.espe.EDICOMPUCMS.controller.GestorCyberTest" time="0.002">
    <system-out><![CDATA[iniciarComputadora - computadorasAlternadas
]]></system-out>
  </testcase>
  <testcase name="probarDetenerComputadora_idInvalido" classname="ec.edu.espe.EDICOMPUCMS.controller.GestorCyberTest" time="0.004">
    <system-out><![CDATA[detenerComputadora - idInvalido
]]></system-out>
  </testcase>
  <testcase name="probarIniciarComputadora_yaActiva" classname="ec.edu.espe.EDICOMPUCMS.controller.GestorCyberTest" time="0.002">
    <system-out><![CDATA[iniciarComputadora - yaActiva
]]></system-out>
  </testcase>
  <testcase name="probarDetenerComputadora_noIniciada" classname="ec.edu.espe.EDICOMPUCMS.controller.GestorCyberTest" time="0.001">
    <system-out><![CDATA[detenerComputadora - noIniciada
]]></system-out>
  </testcase>
  <testcase name="probarDetenerComputadora_variosDetenidos" classname="ec.edu.espe.EDICOMPUCMS.controller.GestorCyberTest" time="0.002">
    <system-out><![CDATA[detenerComputadora - variosDetenidos
]]></system-out>
  </testcase>
  <testcase name="probarEsComputadoraActiva_idInvalido" classname="ec.edu.espe.EDICOMPUCMS.controller.GestorCyberTest" time="0.003">
    <system-out><![CDATA[estaComputadoraActiva - idInvalido
]]></system-out>
  </testcase>
  <testcase name="probarAgregarOyenteDeActualizacionDeHistorial_ejecucion" classname="ec.edu.espe.EDICOMPUCMS.controller.GestorCyberTest" time="0.004">
    <system-out><![CDATA[agregarEscuchadorActualizacionHistorial - ejecucion
]]></system-out>
  </testcase>
  <testcase name="probarIniciarComputadora_idValido" classname="ec.edu.espe.EDICOMPUCMS.controller.GestorCyberTest" time="0.002">
    <system-out><![CDATA[iniciarComputadora - idValido
]]></system-out>
  </testcase>
  <testcase name="probarIniciarComputadora_idInvalido" classname="ec.edu.espe.EDICOMPUCMS.controller.GestorCyberTest" time="0.002">
    <system-out><![CDATA[iniciarComputadora - idInvalido
]]></system-out>
  </testcase>
  <testcase name="probarDetenerComputadora_idValido" classname="ec.edu.espe.EDICOMPUCMS.controller.GestorCyberTest" time="0.001">
    <system-out><![CDATA[detenerComputadora - idValido
]]></system-out>
  </testcase>
  <testcase name="probarAgregarOyenteDeActualizacionDeHistorial_oyenteValido" classname="ec.edu.espe.EDICOMPUCMS.controller.GestorCyberTest" time="0.002">
    <system-out><![CDATA[agregarEscuchadorActualizacionHistorial - oyenteValido
]]></system-out>
  </testcase>
  <testcase name="probarEsComputadoraActiva_activa" classname="ec.edu.espe.EDICOMPUCMS.controller.GestorCyberTest" time="0.001">
    <system-out><![CDATA[estaComputadoraActiva - activa
]]></system-out>
  </testcase>
  <testcase name="probarAgregarOyenteDeActualizacionDeHistorial_variosOyentes" classname="ec.edu.espe.EDICOMPUCMS.controller.GestorCyberTest" time="0.002">
    <system-out><![CDATA[agregarEscuchadorActualizacionHistorial - variosOyentes
]]></system-out>
  </testcase>
  <testcase name="probarEsComputadoraActiva_inactiva" classname="ec.edu.espe.EDICOMPUCMS.controller.GestorCyberTest" time="0.001">
    <system-out><![CDATA[estaComputadoraActiva - inactiva
]]></system-out>
  </testcase>
  <testcase name="probarAgregarOyenteDeActualizacionDeHistorial_nullOyente" classname="ec.edu.espe.EDICOMPUCMS.controller.GestorCyberTest" time="0.001">
    <system-out><![CDATA[agregarEscuchadorActualizacionHistorial - nullOyente
]]></system-out>
  </testcase>
  <testcase name="probarEsComputadoraActiva_variasComputadoras" classname="ec.edu.espe.EDICOMPUCMS.controller.GestorCyberTest" time="0.001">
    <system-out><![CDATA[estaComputadoraActiva - variasComputadoras
]]></system-out>
  </testcase>
  <testcase name="probarDetenerComputadora_computadorasAlternadas" classname="ec.edu.espe.EDICOMPUCMS.controller.GestorCyberTest" time="0.001">
    <system-out><![CDATA[detenerComputadora - computadorasAlternadas
]]></system-out>
  </testcase>
  <testcase name="probarAgregarOyenteDeActualizacionDeHistorial_ordenDeEjecucion" classname="ec.edu.espe.EDICOMPUCMS.controller.GestorCyberTest" time="0.001">
    <system-out><![CDATA[agregarEscuchadorActualizacionHistorial - ordenDeEjecucion
]]></system-out>
  </testcase>
  <testcase name="probarIniciarComputadora_todasLasComputadoras" classname="ec.edu.espe.EDICOMPUCMS.controller.GestorCyberTest" time="0.003">
    <system-out><![CDATA[iniciarComputadora - todasLasComputadoras
]]></system-out>
  </testcase>
</testsuite>